<?xml version="1.0" encoding="UTF-8"?>
<!-- Generated by org.testng.reporters.JUnitReportReporter -->
<testsuite hostname="LAPTOP-QNL7IF1Q" failures="0" tests="1" name="Facebooklogin.OpLogin" time="17.538" errors="0" timestamp="21 Mar 2023 05:58:14 GMT" skipped="0">
  <testcase classname="Facebooklogin.OpLogin" name="oran" time="17.538"/>
</testsuite> <!-- Facebooklogin.OpLogin -->
