<?xml version="1.0" encoding="UTF-8"?>
<!-- Generated by org.testng.reporters.JUnitReportReporter -->
<testsuite hostname="LAPTOP-QNL7IF1Q" failures="0" tests="1" name="Facebooklogin.LoginPage" time="8.989" errors="0" timestamp="20 Mar 2023 12:24:56 GMT" skipped="0">
  <testcase classname="Facebooklogin.LoginPage" name="LoginPageloc" time="8.989"/>
</testsuite> <!-- Facebooklogin.LoginPage -->
